Logger Init
UnityEngine.Debug:Log (object)
YouYou.LoggerManager:Init () (at Assets/Game/YouYouFramework/Managers/Log/LoggerManager.cs:59)
YouYou.GameEntry:InitManagers () (at Assets/Game/YouYouFramework/GameEntry.cs:128)
YouYou.GameEntry:Awake () (at Assets/Game/YouYouFramework/GameEntry.cs:190)


[youyou]YouYou.ProcedureLaunch==>> OnEnter()
UnityEngine.Debug:Log (object)
YouYou.GameEntry:Log (YouYou.LogCategory,string,object[]) (at Assets/Game/YouYouFramework/GameEntry.cs:252)
YouYou.ProcedureBase:OnEnter () (at Assets/Game/YouYouFramework/Managers/Procedure/ProcedureBase.cs:17)
YouYou.ProcedureLaunch:OnEnter () (at Assets/Game/YouYouScript/Procedure/ProcedureLaunch.cs:16)
YouYou.Fsm`1<YouYou.ProcedureManager>:ChangeState (sbyte) (at Assets/Game/YouYouFramework/Managers/Fsm/Fsm.cs:98)
YouYou.ProcedureManager:ChangeState (YouYou.ProcedureState) (at Assets/Game/YouYouFramework/Managers/Procedure/ProcedureManager.cs:95)
YouYou.GameEntry:InitManagers () (at Assets/Game/YouYouFramework/GameEntry.cs:145)
YouYou.GameEntry:Awake () (at Assets/Game/YouYouFramework/GameEntry.cs:190)


[youyou]YouYou.ProcedureLaunch==>> OnLeave()
UnityEngine.Debug:Log (object)
YouYou.GameEntry:Log (YouYou.LogCategory,string,object[]) (at Assets/Game/YouYouFramework/GameEntry.cs:252)
YouYou.ProcedureBase:OnLeave () (at Assets/Game/YouYouFramework/Managers/Procedure/ProcedureBase.cs:28)
YouYou.Fsm`1<YouYou.ProcedureManager>:ChangeState (sbyte) (at Assets/Game/YouYouFramework/Managers/Fsm/Fsm.cs:92)
YouYou.ProcedureManager:ChangeState (YouYou.ProcedureState) (at Assets/Game/YouYouFramework/Managers/Procedure/ProcedureManager.cs:95)
YouYou.ProcedureLaunch:OnEnter () (at Assets/Game/YouYouScript/Procedure/ProcedureLaunch.cs:18)
YouYou.Fsm`1<YouYou.ProcedureManager>:ChangeState (sbyte) (at Assets/Game/YouYouFramework/Managers/Fsm/Fsm.cs:98)
YouYou.ProcedureManager:ChangeState (YouYou.ProcedureState) (at Assets/Game/YouYouFramework/Managers/Procedure/ProcedureManager.cs:95)
YouYou.GameEntry:InitManagers () (at Assets/Game/YouYouFramework/GameEntry.cs:145)
YouYou.GameEntry:Awake () (at Assets/Game/YouYouFramework/GameEntry.cs:190)


[youyou]YouYou.ProcedurePreload==>> OnEnter()
UnityEngine.Debug:Log (object)
YouYou.GameEntry:Log (YouYou.LogCategory,string,object[]) (at Assets/Game/YouYouFramework/GameEntry.cs:252)
YouYou.ProcedureBase:OnEnter () (at Assets/Game/YouYouFramework/Managers/Procedure/ProcedureBase.cs:17)
YouYou.ProcedurePreload:OnEnter () (at Assets/Game/YouYouScript/Procedure/ProcedurePreload.cs:33)
YouYou.Fsm`1<YouYou.ProcedureManager>:ChangeState (sbyte) (at Assets/Game/YouYouFramework/Managers/Fsm/Fsm.cs:98)
YouYou.ProcedureManager:ChangeState (YouYou.ProcedureState) (at Assets/Game/YouYouFramework/Managers/Procedure/ProcedureManager.cs:95)
YouYou.ProcedureLaunch:OnEnter () (at Assets/Game/YouYouScript/Procedure/ProcedureLaunch.cs:18)
YouYou.Fsm`1<YouYou.ProcedureManager>:ChangeState (sbyte) (at Assets/Game/YouYouFramework/Managers/Fsm/Fsm.cs:98)
YouYou.ProcedureManager:ChangeState (YouYou.ProcedureState) (at Assets/Game/YouYouFramework/Managers/Procedure/ProcedureManager.cs:95)
YouYou.GameEntry:InitManagers () (at Assets/Game/YouYouFramework/GameEntry.cs:145)
YouYou.GameEntry:Awake () (at Assets/Game/YouYouFramework/GameEntry.cs:190)


Mid
UnityEngine.Debug:Log (object)
Test:Start () (at Assets/MyApp/Scripts/Test/Test.cs:8)


LUA: using lua
UnityEngine.Debug:Log (object)
XLua.StaticLuaCallbacks:Print (intptr) (at Assets/XLua/Src/StaticLuaCallbacks.cs:629)
XLua.LuaEnv:DoString (byte[],string,XLua.LuaTable) (at Assets/XLua/Src/LuaEnv.cs:270)
XLua.LuaEnv:DoString (string,string,XLua.LuaTable) (at Assets/XLua/Src/LuaEnv.cs:290)
YouYou.LuaManager:DoString (string) (at Assets/Game/YouYouFramework/Managers/Lua/LuaManager.cs:123)
YouYou.LuaManager:Init () (at Assets/Game/YouYouFramework/Managers/Lua/LuaManager.cs:72)
YouYou.ProcedurePreload/<>c:<BeginTask>b__6_2 (YouYou.TaskRoutine) (at Assets/Game/YouYouScript/Procedure/ProcedurePreload.cs:116)
YouYou.TaskRoutine:Enter () (at Assets/Game/YouYouFramework/Managers/Task/TaskRoutine.cs:43)
YouYou.TaskGroup:CheckTask () (at Assets/Game/YouYouFramework/Managers/Task/TaskGroup.cs:134)
YouYou.TaskGroup/<>c__DisplayClass22_0:<CheckTask>b__0 () (at Assets/Game/YouYouFramework/Managers/Task/TaskGroup.cs:132)
YouYou.TaskRoutine:Leave () (at Assets/Game/YouYouFramework/Managers/Task/TaskRoutine.cs:58)
YouYou.AudioManager:LoadBanks (System.Action) (at Assets/Game/YouYouFramework/Managers/Audio/AudioManager.cs:44)
YouYou.ProcedurePreload/<>c:<BeginTask>b__6_1 (YouYou.TaskRoutine) (at Assets/Game/YouYouScript/Procedure/ProcedurePreload.cs:110)
YouYou.TaskRoutine:Enter () (at Assets/Game/YouYouFramework/Managers/Task/TaskRoutine.cs:43)
YouYou.TaskGroup:CheckTask () (at Assets/Game/YouYouFramework/Managers/Task/TaskGroup.cs:134)
YouYou.TaskGroup:Run (bool,System.Action) (at Assets/Game/YouYouFramework/Managers/Task/TaskGroup.cs:106)
YouYou.ProcedurePreload:BeginTask () (at Assets/Game/YouYouScript/Procedure/ProcedurePreload.cs:133)
YouYou.TaskGroup:Dispose () (at Assets/Game/YouYouFramework/Managers/Task/TaskGroup.cs:47)
YouYou.TaskGroup:<ConcurrencyTask>b__23_0 () (at Assets/Game/YouYouFramework/Managers/Task/TaskGroup.cs:155)
YouYou.TaskRoutine:Leave () (at Assets/Game/YouYouFramework/Managers/Task/TaskRoutine.cs:58)
YouYou.DataTableDBModelBase`2/<>c__DisplayClass9_0<YouYou.Sys_AnimationDBModel, YouYou.Sys_AnimationEntity>:<LoadData>b__1 (byte[]) (at Assets/Game/YouYouFramework/Managers/DataTable/DataTableDBModelBase.cs:64)
YouYou.DataTableManager/<>c__DisplayClass39_0:<GetDataTableBuffer>b__0 () (at Assets/Game/YouYouFramework/Managers/DataTable/DataTableManager.cs:91)
YouYou.TimeManager/<>c__DisplayClass8_0/<<Yield>g__YieldCoroutine|0>d:MoveNext () (at Assets/Game/YouYouFramework/Managers/Time/TimeManager.cs:106)
UnityEngine.SetupCoroutine:InvokeMoveNext (System.Collections.IEnumerator,intptr)


[youyou]YouYou.ProcedurePreload==>> OnLeave()
UnityEngine.Debug:Log (object)
YouYou.GameEntry:Log (YouYou.LogCategory,string,object[]) (at Assets/Game/YouYouFramework/GameEntry.cs:252)
YouYou.ProcedureBase:OnLeave () (at Assets/Game/YouYouFramework/Managers/Procedure/ProcedureBase.cs:28)
YouYou.Fsm`1<YouYou.ProcedureManager>:ChangeState (sbyte) (at Assets/Game/YouYouFramework/Managers/Fsm/Fsm.cs:92)
YouYou.ProcedureManager:ChangeState (YouYou.ProcedureState) (at Assets/Game/YouYouFramework/Managers/Procedure/ProcedureManager.cs:95)
YouYou.ProcedurePreload/<>c:<BeginTask>b__6_2 (YouYou.TaskRoutine) (at Assets/Game/YouYouScript/Procedure/ProcedurePreload.cs:118)
YouYou.TaskRoutine:Enter () (at Assets/Game/YouYouFramework/Managers/Task/TaskRoutine.cs:43)
YouYou.TaskGroup:CheckTask () (at Assets/Game/YouYouFramework/Managers/Task/TaskGroup.cs:134)
YouYou.TaskGroup/<>c__DisplayClass22_0:<CheckTask>b__0 () (at Assets/Game/YouYouFramework/Managers/Task/TaskGroup.cs:132)
YouYou.TaskRoutine:Leave () (at Assets/Game/YouYouFramework/Managers/Task/TaskRoutine.cs:58)
YouYou.AudioManager:LoadBanks (System.Action) (at Assets/Game/YouYouFramework/Managers/Audio/AudioManager.cs:44)
YouYou.ProcedurePreload/<>c:<BeginTask>b__6_1 (YouYou.TaskRoutine) (at Assets/Game/YouYouScript/Procedure/ProcedurePreload.cs:110)
YouYou.TaskRoutine:Enter () (at Assets/Game/YouYouFramework/Managers/Task/TaskRoutine.cs:43)
YouYou.TaskGroup:CheckTask () (at Assets/Game/YouYouFramework/Managers/Task/TaskGroup.cs:134)
YouYou.TaskGroup:Run (bool,System.Action) (at Assets/Game/YouYouFramework/Managers/Task/TaskGroup.cs:106)
YouYou.ProcedurePreload:BeginTask () (at Assets/Game/YouYouScript/Procedure/ProcedurePreload.cs:133)
YouYou.TaskGroup:Dispose () (at Assets/Game/YouYouFramework/Managers/Task/TaskGroup.cs:47)
YouYou.TaskGroup:<ConcurrencyTask>b__23_0 () (at Assets/Game/YouYouFramework/Managers/Task/TaskGroup.cs:155)
YouYou.TaskRoutine:Leave () (at Assets/Game/YouYouFramework/Managers/Task/TaskRoutine.cs:58)
YouYou.DataTableDBModelBase`2/<>c__DisplayClass9_0<YouYou.Sys_AnimationDBModel, YouYou.Sys_AnimationEntity>:<LoadData>b__1 (byte[]) (at Assets/Game/YouYouFramework/Managers/DataTable/DataTableDBModelBase.cs:64)
YouYou.DataTableManager/<>c__DisplayClass39_0:<GetDataTableBuffer>b__0 () (at Assets/Game/YouYouFramework/Managers/DataTable/DataTableManager.cs:91)
YouYou.TimeManager/<>c__DisplayClass8_0/<<Yield>g__YieldCoroutine|0>d:MoveNext () (at Assets/Game/YouYouFramework/Managers/Time/TimeManager.cs:106)
UnityEngine.SetupCoroutine:InvokeMoveNext (System.Collections.IEnumerator,intptr)


[youyou]YouYou.ProcedureGame==>> OnEnter()
UnityEngine.Debug:Log (object)
YouYou.GameEntry:Log (YouYou.LogCategory,string,object[]) (at Assets/Game/YouYouFramework/GameEntry.cs:252)
YouYou.ProcedureBase:OnEnter () (at Assets/Game/YouYouFramework/Managers/Procedure/ProcedureBase.cs:17)
YouYou.ProcedureGame:OnEnter () (at Assets/Game/YouYouScript/Procedure/ProcedureGame.cs:16)
YouYou.Fsm`1<YouYou.ProcedureManager>:ChangeState (sbyte) (at Assets/Game/YouYouFramework/Managers/Fsm/Fsm.cs:98)
YouYou.ProcedureManager:ChangeState (YouYou.ProcedureState) (at Assets/Game/YouYouFramework/Managers/Procedure/ProcedureManager.cs:95)
YouYou.ProcedurePreload/<>c:<BeginTask>b__6_2 (YouYou.TaskRoutine) (at Assets/Game/YouYouScript/Procedure/ProcedurePreload.cs:118)
YouYou.TaskRoutine:Enter () (at Assets/Game/YouYouFramework/Managers/Task/TaskRoutine.cs:43)
YouYou.TaskGroup:CheckTask () (at Assets/Game/YouYouFramework/Managers/Task/TaskGroup.cs:134)
YouYou.TaskGroup/<>c__DisplayClass22_0:<CheckTask>b__0 () (at Assets/Game/YouYouFramework/Managers/Task/TaskGroup.cs:132)
YouYou.TaskRoutine:Leave () (at Assets/Game/YouYouFramework/Managers/Task/TaskRoutine.cs:58)
YouYou.AudioManager:LoadBanks (System.Action) (at Assets/Game/YouYouFramework/Managers/Audio/AudioManager.cs:44)
YouYou.ProcedurePreload/<>c:<BeginTask>b__6_1 (YouYou.TaskRoutine) (at Assets/Game/YouYouScript/Procedure/ProcedurePreload.cs:110)
YouYou.TaskRoutine:Enter () (at Assets/Game/YouYouFramework/Managers/Task/TaskRoutine.cs:43)
YouYou.TaskGroup:CheckTask () (at Assets/Game/YouYouFramework/Managers/Task/TaskGroup.cs:134)
YouYou.TaskGroup:Run (bool,System.Action) (at Assets/Game/YouYouFramework/Managers/Task/TaskGroup.cs:106)
YouYou.ProcedurePreload:BeginTask () (at Assets/Game/YouYouScript/Procedure/ProcedurePreload.cs:133)
YouYou.TaskGroup:Dispose () (at Assets/Game/YouYouFramework/Managers/Task/TaskGroup.cs:47)
YouYou.TaskGroup:<ConcurrencyTask>b__23_0 () (at Assets/Game/YouYouFramework/Managers/Task/TaskGroup.cs:155)
YouYou.TaskRoutine:Leave () (at Assets/Game/YouYouFramework/Managers/Task/TaskRoutine.cs:58)
YouYou.DataTableDBModelBase`2/<>c__DisplayClass9_0<YouYou.Sys_AnimationDBModel, YouYou.Sys_AnimationEntity>:<LoadData>b__1 (byte[]) (at Assets/Game/YouYouFramework/Managers/DataTable/DataTableDBModelBase.cs:64)
YouYou.DataTableManager/<>c__DisplayClass39_0:<GetDataTableBuffer>b__0 () (at Assets/Game/YouYouFramework/Managers/DataTable/DataTableManager.cs:91)
YouYou.TimeManager/<>c__DisplayClass8_0/<<Yield>g__YieldCoroutine|0>d:MoveNext () (at Assets/Game/YouYouFramework/Managers/Time/TimeManager.cs:106)
UnityEngine.SetupCoroutine:InvokeMoveNext (System.Collections.IEnumerator,intptr)


打开Home界面
UnityEngine.Debug:Log (object,UnityEngine.Object)
YouYou.LoggerManager:Log (object,UnityEngine.Object) (at Assets/Game/YouYouFramework/Managers/Log/LoggerManager.cs:94)
YouYou.ProcedureGame:OnEnter () (at Assets/Game/YouYouScript/Procedure/ProcedureGame.cs:20)
YouYou.Fsm`1<YouYou.ProcedureManager>:ChangeState (sbyte) (at Assets/Game/YouYouFramework/Managers/Fsm/Fsm.cs:98)
YouYou.ProcedureManager:ChangeState (YouYou.ProcedureState) (at Assets/Game/YouYouFramework/Managers/Procedure/ProcedureManager.cs:95)
YouYou.ProcedurePreload/<>c:<BeginTask>b__6_2 (YouYou.TaskRoutine) (at Assets/Game/YouYouScript/Procedure/ProcedurePreload.cs:118)
YouYou.TaskRoutine:Enter () (at Assets/Game/YouYouFramework/Managers/Task/TaskRoutine.cs:43)
YouYou.TaskGroup:CheckTask () (at Assets/Game/YouYouFramework/Managers/Task/TaskGroup.cs:134)
YouYou.TaskGroup/<>c__DisplayClass22_0:<CheckTask>b__0 () (at Assets/Game/YouYouFramework/Managers/Task/TaskGroup.cs:132)
YouYou.TaskRoutine:Leave () (at Assets/Game/YouYouFramework/Managers/Task/TaskRoutine.cs:58)
YouYou.AudioManager:LoadBanks (System.Action) (at Assets/Game/YouYouFramework/Managers/Audio/AudioManager.cs:44)
YouYou.ProcedurePreload/<>c:<BeginTask>b__6_1 (YouYou.TaskRoutine) (at Assets/Game/YouYouScript/Procedure/ProcedurePreload.cs:110)
YouYou.TaskRoutine:Enter () (at Assets/Game/YouYouFramework/Managers/Task/TaskRoutine.cs:43)
YouYou.TaskGroup:CheckTask () (at Assets/Game/YouYouFramework/Managers/Task/TaskGroup.cs:134)
YouYou.TaskGroup:Run (bool,System.Action) (at Assets/Game/YouYouFramework/Managers/Task/TaskGroup.cs:106)
YouYou.ProcedurePreload:BeginTask () (at Assets/Game/YouYouScript/Procedure/ProcedurePreload.cs:133)
YouYou.TaskGroup:Dispose () (at Assets/Game/YouYouFramework/Managers/Task/TaskGroup.cs:47)
YouYou.TaskGroup:<ConcurrencyTask>b__23_0 () (at Assets/Game/YouYouFramework/Managers/Task/TaskGroup.cs:155)
YouYou.TaskRoutine:Leave () (at Assets/Game/YouYouFramework/Managers/Task/TaskRoutine.cs:58)
YouYou.DataTableDBModelBase`2/<>c__DisplayClass9_0<YouYou.Sys_AnimationDBModel, YouYou.Sys_AnimationEntity>:<LoadData>b__1 (byte[]) (at Assets/Game/YouYouFramework/Managers/DataTable/DataTableDBModelBase.cs:64)
YouYou.DataTableManager/<>c__DisplayClass39_0:<GetDataTableBuffer>b__0 () (at Assets/Game/YouYouFramework/Managers/DataTable/DataTableManager.cs:91)
YouYou.TimeManager/<>c__DisplayClass8_0/<<Yield>g__YieldCoroutine|0>d:MoveNext () (at Assets/Game/YouYouFramework/Managers/Time/TimeManager.cs:106)
UnityEngine.SetupCoroutine:InvokeMoveNext (System.Collections.IEnumerator,intptr)


UI_Home  OnInit
UnityEngine.Debug:Log (object,UnityEngine.Object)
YouYou.LoggerManager:Log (object,UnityEngine.Object) (at Assets/Game/YouYouFramework/Managers/Log/LoggerManager.cs:94)
System.Reflection.MethodBase:Invoke (object,object[])
XLua.OverloadMethodWrap:Call (intptr) (at Assets/XLua/Src/MethodWarpsCache.cs:242)
XLua.MethodWrap:Call (intptr) (at Assets/XLua/Src/MethodWarpsCache.cs:304)
XLua.StaticLuaCallbacks:FixCSFunction (intptr) (at Assets/XLua/Src/StaticLuaCallbacks.cs:111)
XLua.DelegateBridge:PCall (intptr,int,int,int) (at Assets/XLua/Src/DelegateBridge.cs:138)
XLua.DelegateBridge:__Gen_Delegate_Imp15 (UnityEngine.Transform,object) (at Assets/XLua/Gen/DelegatesGensBridge.cs:363)
YouYou.LuaForm:OnInit (object) (at Assets/Game/YouYouFramework/Managers/Lua/LuaForm.cs:153)
YouYou.UIFormBase:Start () (at Assets/Game/YouYouFramework/Managers/UI/UIFormBase.cs:64)


UI_Home  OnOpen
UnityEngine.Debug:Log (object,UnityEngine.Object)
YouYou.LoggerManager:Log (object,UnityEngine.Object) (at Assets/Game/YouYouFramework/Managers/Log/LoggerManager.cs:94)
System.Reflection.MethodBase:Invoke (object,object[])
XLua.OverloadMethodWrap:Call (intptr) (at Assets/XLua/Src/MethodWarpsCache.cs:242)
XLua.MethodWrap:Call (intptr) (at Assets/XLua/Src/MethodWarpsCache.cs:304)
XLua.StaticLuaCallbacks:FixCSFunction (intptr) (at Assets/XLua/Src/StaticLuaCallbacks.cs:111)
XLua.DelegateBridge:PCall (intptr,int,int,int) (at Assets/XLua/Src/DelegateBridge.cs:138)
XLua.DelegateBridge:__Gen_Delegate_Imp16 (object) (at Assets/XLua/Gen/DelegatesGensBridge.cs:385)
YouYou.LuaForm:OnOpen (object) (at Assets/Game/YouYouFramework/Managers/Lua/LuaForm.cs:162)
YouYou.UIFormBase:Open (object,bool) (at Assets/Game/YouYouFramework/Managers/UI/UIFormBase.cs:84)
YouYou.UIFormBase:Start () (at Assets/Game/YouYouFramework/Managers/UI/UIFormBase.cs:67)


UI_Home_CalculationTool  OnInit
UnityEngine.Debug:Log (object,UnityEngine.Object)
YouYou.LoggerManager:Log (object,UnityEngine.Object) (at Assets/Game/YouYouFramework/Managers/Log/LoggerManager.cs:94)
System.Reflection.MethodBase:Invoke (object,object[])
XLua.OverloadMethodWrap:Call (intptr) (at Assets/XLua/Src/MethodWarpsCache.cs:242)
XLua.MethodWrap:Call (intptr) (at Assets/XLua/Src/MethodWarpsCache.cs:304)
XLua.StaticLuaCallbacks:FixCSFunction (intptr) (at Assets/XLua/Src/StaticLuaCallbacks.cs:111)
XLua.DelegateBridge:PCall (intptr,int,int,int) (at Assets/XLua/Src/DelegateBridge.cs:138)
XLua.DelegateBridge:__Gen_Delegate_Imp15 (UnityEngine.Transform,object) (at Assets/XLua/Gen/DelegatesGensBridge.cs:363)
YouYou.LuaForm:OnInit (object) (at Assets/Game/YouYouFramework/Managers/Lua/LuaForm.cs:153)
YouYou.UIFormBase:Start () (at Assets/Game/YouYouFramework/Managers/UI/UIFormBase.cs:64)


UI_Home_CalculationTool  OnOpen
UnityEngine.Debug:Log (object,UnityEngine.Object)
YouYou.LoggerManager:Log (object,UnityEngine.Object) (at Assets/Game/YouYouFramework/Managers/Log/LoggerManager.cs:94)
System.Reflection.MethodBase:Invoke (object,object[])
XLua.OverloadMethodWrap:Call (intptr) (at Assets/XLua/Src/MethodWarpsCache.cs:242)
XLua.MethodWrap:Call (intptr) (at Assets/XLua/Src/MethodWarpsCache.cs:304)
XLua.StaticLuaCallbacks:FixCSFunction (intptr) (at Assets/XLua/Src/StaticLuaCallbacks.cs:111)
XLua.DelegateBridge:PCall (intptr,int,int,int) (at Assets/XLua/Src/DelegateBridge.cs:138)
XLua.DelegateBridge:__Gen_Delegate_Imp16 (object) (at Assets/XLua/Gen/DelegatesGensBridge.cs:385)
YouYou.LuaForm:OnOpen (object) (at Assets/Game/YouYouFramework/Managers/Lua/LuaForm.cs:162)
YouYou.UIFormBase:Open (object,bool) (at Assets/Game/YouYouFramework/Managers/UI/UIFormBase.cs:84)
YouYou.UIFormBase:Start () (at Assets/Game/YouYouFramework/Managers/UI/UIFormBase.cs:67)


[FMOD] Please add an 'FMOD Studio Listener' component to your a camera in the scene for correct 3D positioning of sounds.
UnityEngine.Debug:LogWarning (object)
FMODUnity.RuntimeManager:Update () (at Assets/Plugins/FMOD/src/Runtime/RuntimeManager.cs:431)


[youyou]YouYou.ProcedureGame==>> OnLeave()
UnityEngine.Debug:Log (object)
YouYou.GameEntry:Log (YouYou.LogCategory,string,object[]) (at Assets/Game/YouYouFramework/GameEntry.cs:252)
YouYou.ProcedureBase:OnLeave () (at Assets/Game/YouYouFramework/Managers/Procedure/ProcedureBase.cs:28)
YouYou.ProcedureGame:OnLeave () (at Assets/Game/YouYouScript/Procedure/ProcedureGame.cs:30)
YouYou.Fsm`1<YouYou.ProcedureManager>:ShutDown () (at Assets/Game/YouYouFramework/Managers/Fsm/Fsm.cs:148)
YouYou.FsmManager:Dispose () (at Assets/Game/YouYouFramework/Managers/Fsm/FsmManager.cs:34)
YouYou.GameEntry:OnApplicationQuit () (at Assets/Game/YouYouFramework/GameEntry.cs:216)


UI_Home  OnBeforDestroy
UnityEngine.Debug:Log (object,UnityEngine.Object)
YouYou.LoggerManager:Log (object,UnityEngine.Object) (at Assets/Game/YouYouFramework/Managers/Log/LoggerManager.cs:94)
System.Reflection.MethodBase:Invoke (object,object[])
XLua.OverloadMethodWrap:Call (intptr) (at Assets/XLua/Src/MethodWarpsCache.cs:242)
XLua.MethodWrap:Call (intptr) (at Assets/XLua/Src/MethodWarpsCache.cs:304)
XLua.StaticLuaCallbacks:FixCSFunction (intptr) (at Assets/XLua/Src/StaticLuaCallbacks.cs:111)
XLua.DelegateBridge:PCall (intptr,int,int,int) (at Assets/XLua/Src/DelegateBridge.cs:138)
XLua.DelegateBridge:__Gen_Delegate_Imp0 () (at Assets/XLua/Gen/DelegatesGensBridge.cs:29)
YouYou.LuaForm:OnBeforDestroy () (at Assets/Game/YouYouFramework/Managers/Lua/LuaForm.cs:180)
YouYou.UIFormBase:OnDestroy () (at Assets/Game/YouYouFramework/Managers/UI/UIFormBase.cs:110)


UI_Home_CalculationTool  OnBeforDestroy
UnityEngine.Debug:Log (object,UnityEngine.Object)
YouYou.LoggerManager:Log (object,UnityEngine.Object) (at Assets/Game/YouYouFramework/Managers/Log/LoggerManager.cs:94)
System.Reflection.MethodBase:Invoke (object,object[])
XLua.OverloadMethodWrap:Call (intptr) (at Assets/XLua/Src/MethodWarpsCache.cs:242)
XLua.MethodWrap:Call (intptr) (at Assets/XLua/Src/MethodWarpsCache.cs:304)
XLua.StaticLuaCallbacks:FixCSFunction (intptr) (at Assets/XLua/Src/StaticLuaCallbacks.cs:111)
XLua.DelegateBridge:PCall (intptr,int,int,int) (at Assets/XLua/Src/DelegateBridge.cs:138)
XLua.DelegateBridge:__Gen_Delegate_Imp0 () (at Assets/XLua/Gen/DelegatesGensBridge.cs:29)
YouYou.LuaForm:OnBeforDestroy () (at Assets/Game/YouYouFramework/Managers/Lua/LuaForm.cs:180)
YouYou.UIFormBase:OnDestroy () (at Assets/Game/YouYouFramework/Managers/UI/UIFormBase.cs:110)


